juno1aszpxp86gq9qnw8yyyxfkcfcau0870u3uj99qn,8220000000
juno120uyhkaaut99mlckjqs7075600zx56nena0cdz,3000000000
juno1j24l07l9kjnzucgj20wjwxpq6xdumywve2mxpm,2233481090
juno1696qscgzpma5jr69un5ddd3s3c5028u9kstt6r,1900000000
juno165x2kjttzrq82fmrv7vera0452a3ja4mpz957c,1688751748
juno1v96n0kpe5s4yztkltxfklue3950qsll39urngu,1349200000
juno19dx6xr5pqg83f45d43xfsuczvnlk37w8v9zsdu,1346000000
juno1pfhmse3detzwv8qyey6gc9m3rqzpnsvp3tkav9,1324080204
juno1hcqjney83mcm50jvf70lk3h6yytkke0x98czhz,1304200000
juno1mk2yasfjljrvrxrjwj5823xh6lctkjc9aw7p56,1194132865
juno1zzxvzfph9mw0prdjskqvup5yp7dtmnajzh4jdl,1151441038
juno1k6udtfc90k8h04aqdp2e69udd52z80lp3c9ghg,1062000000
juno1d3r883l46edwl0zz0dxk3974kkqpah050mzxhm,1000000000
juno17x2ry75hddumjswr2gr7hwfle7hdtned7wre9q,959070368
juno1typ45xcrpnlt2j5rzc8pmhfp4u6pglm0744fvj,900000000
juno18z63wjpqkfw3s2ekv962shqeg55uqs7ey2y2gn,787135837
juno1lhpsh5ru9q6tz04rvt45cp97qhk0fala9427an,741840000
juno1cyxlkqgwvx02m9a7dk3em53yxp7ksnyyw7prm3,699516407
juno1q0tfewa60enuu8utyjs9w7um58njhd7fruc9gd,651971532
juno17h3uhxathxk6a7u63ye6g24pate06zrmrvlexr,650554986
juno1cxyjsjj7qjkh9gearccn563hwujrqdewun5tme,600120000
juno1n8j9xve22sh5arf2kfdtdde46udztadapjn4fy,600014189
juno1za67sw3y2fcdtyypkht3435x9zpm2dh0h0tp0s,600000000
juno19kk2gcxyhp9qe8nrldctdjqygevqa3hn5wgreu,600000000
juno1la3a7jtqj9vxkq5xxhcqcpk99x806xkqrs0lkc,600000000
juno1m529wca76chrqllcdxqe7wgjuts24altrn0y46,583100000
juno1c5txl47ea73x9g535lefzs8u6engjrsstzn370,566725579
juno1dlgurq4mnm96kdsnf66gmfd883ms056kx7pqmk,525400000
juno1zqv58alxz2cyvdqdq2nz393kjy56edu3czn4r9,500000000
juno1z6mm2l43mvdfczn0glel7f3q0pc7zvmyjkq7rw,500000000
juno1ngm2p8kj680f8wa8xsylguc3ckad4hfh5qu0a7,500000000
juno1pazpywju5mrfgrshkyzs3zxemf0fgwpk63erqx,487346944
juno1cq7gq7vwejp2dstj8xsszumf2a6cvjgz6wk29a,476335000
juno1t03p5a953l6pu3eufp4vyq2s9plye76rmuvshw,470515530
juno1lwkpyc07zta670uuz750xet787czp6uc7md5t0,469978100
juno1r9yk3fqj8744shyk2sgaz48ypp6mt6clxzgcx8,451376221
juno1zywrc64u67y8r556tc9qar29g7vyeen0h4uvun,436400000
juno1wgp9th8lqrl6fkwnjkyptgzd05u62spcrhg6rg,425530836
juno10t89wdy6n9gt4ujc4rdq9qnehj9xpj9c8wch2m,418160617
juno12mnrdxfpa5rcrp8tq0q0rm42lphpc5n4a5rwzw,400000000
juno1x7fmjlt37kymx9cz8rtsa4y6y62tx3eu4ry7n5,395820000
juno19eu22zmzy5nz7cry2m20cqcky9sfm3nd70wegh,390000000
juno1djqpcjyy2rcphlestk64l3c8pt48udh3hnk4rn,388900000
juno1k8v9vakthkmrv0xack40gegzahxsdcrhcvx8kl,379628341
juno1pals5m5gewvr23wpu0h52kk86qrf4kgtkn7zps,376150000
juno14nqfsxmwvp30jw73vxjh82stfymgwqweyt7646,370480000
juno1d8xtuav36xg7hp6lv6u69gexpd8sunaeqepz08,350000000
juno1fwvsuv9y9pdatktpyyaww5z04kwgzc7g58vfr9,330000000
juno1ef0n9thkjmnv4rpvk8de7ed69tgfyptxkxpztm,317400000
juno1xlja5glf867hgx9vdgellar5ahljf5hnrvhp6e,313000000
juno1ql5d08k8tmhs6mc6pgu6k69tf5e0e6hx9uzevm,302711007
juno14ghs6hs8xkl9racufmqnvmg4l0n7unhpxlsxvh,300000000
juno1vv9c58ry32jtuh2makuu2fadq8q8q28c7uv38j,292257000
juno1kqfjv53g7ll9u6ngvsu5l5nfv9ht24m4q4gdqz,281000000
juno164gt6fp7yqk2m8nfdkxe578wx85refa3el2n36,274000000
juno1dqwdhn49r32g7prpqqs4yk9ven883e5ghupaz9,273794807
juno1p8sxus9tn3gnt90sdnw5d6xtmxvl4um3cw9sda,269200000
juno1svfxve6escddnw0xzzf7yrv964hgsjrrhnxtsd,267413036
juno1vfh72k8p556hq9vhv7am6luxuj0mqscmw33cnx,260000000
juno1kl84a6lkkvd8w4twtan5hp0r6yq5lzp009qyhu,250000000
juno1vesgn48a8l7enm892pc4hqngtrl7ygx788prpj,247470000
juno1suqmpyuqeuw955xgnzqsqcnjpwcmsv6aud8cjd,247288809
juno1dadyjk5e5mwqajrurcug3rzgk5mdc0rupfzczj,245500000
juno1r020k5d5p9sc2ytpa38dt56vup8m42yas8ukas,243747224
juno1ntjukg6eqks0wxckw6x5t0j890pewv59cwnv2e,242650000
juno10v6yt0yq5cq5kq2u5dn0gcaypekqe6m5f2nzwv,242010000
juno15xq28alrsk6plt4dp7ag7pjvtyangmx6vz5ryk,239001570
juno12vhjvv8z39evugadc5fuvp52za0ermyz85nhkl,234700000
juno157wzmg4nn9mhq8knu7zynwlqt0j2udrtq2afym,234500000
juno1gq6pd9q8px97720arytdngc7zhyrxp4xr3tggf,233770000
juno1u3zen560qmf438j3fxjfyw4a78tmndhkl5wau0,232716577
juno1axw0250f5grefkp9rms36sxd9rz9s2hsd37xe0,227000000
juno1ax9aqu323m4sxaakwhu9a88tctdunzxk8lka50,226000000
juno1v9eup5s52sc0p3hh0kcc5sq24lkhyypwa0q9ge,225000000
juno15wm2nw0fn8hdmethjcf28rt8aj2j8a67ghxje9,223282127
juno17fzx4rvw04586s8f2c2vv53pe3yypu0ccu566q,218067964
juno1j84sq0ucjnmgyjvp9ckjpuk4cjyj5s5nttrqyh,206000000
juno1smy7dry3kpug82c5l8244crhm66uatr3t8ptr5,201500000
juno1w52n60h4s4f2aplvtr4gah5slge4mnqklynucc,200200000
juno128g908zusk8tdskul5su664drlqz3k8ytwhpj4,200155379
juno1r9ae5ayhty7udwwcrlgsfy6tjj68rqg87qavn6,200000000
juno196v9ugwmn2gs5c2a0tv0vvz7yg40t0fasczwne,200000000
juno1t9khn008l8fj2m5gms80ysgf3zh0sxa7yrazn5,200000000
juno1vuafuq42sh7xgjw6y2500yjlm58m3jrjn0m8lt,200000000
juno1ncus6prmh83yf5vwtxaf9qnaksckfk7nw5wwjk,200000000
juno1hjlszpuk7slc06e6rzy4edfz5aqya7398w9djk,200000000
juno1uj7xf8hzm2nxhqvwv3h7zhgypffr2ksw4mxx4q,200000000
juno1lmzeytaslf4urxf2d5pr2agjlhamhqhs8q6tu6,200000000
juno1ed5skh36xhtsa6v998kq6ewcysg3aeundztue4,191402042
juno1h0qwpv0l2spu7h988dvh92q0v08gkkwsxsfr4d,189800000
juno1537lngyjntj5u2tpm7spj9g39dqvv6ctp7mqzt,188930000
juno1mnfw60fm38ulyst04ycr7xnrm2au6xa23dnd5d,188198974
juno1upuf68auzpay33pzya7k0xdkn95ykceq94rv25,170800000
juno1l6x296xzmj3xxf4sxcsxzhlmk9aguqzzqr6r3h,165271031
juno18tgy7tmpng6qspxgwl4alvc0myq6ln7uekxh78,160994900
juno148ncfd3ymxcrqu034rdehpprguz65cfwj9e63w,156846517
juno1hvvq5l46l4r2pvwywr0uvhdy5mmqumvzw9twz0,150723093
juno1hjsc3m9h2a07k2l8kyyf5g54tt0t7nwhev4a66,150000000
juno10numeh299y20p5hrnmkn0wv4cm6n23zj7278mh,149433292
juno1290wymvck8gmwm2yvase906u3z4xrunsl32gtf,149398552
juno19l9mwm03xwgr0entkf4dt9wtpzn28q3mcky5t9,149000000
juno1vfga73yc98melxja48z6l6me9y8plcf2kke430,142865195
juno1g28t39fndhmm7n3ckhnlp2sxkz68wy55q284sj,140840000
juno1tlpzqu6tg3ry82mvxdsc8vnm3aqnqmvq4kzh62,140000000
juno15veazlm428h9cu0z8tpnvcegrzfj6dlmrepz36,138732789
juno1em4p5epgcjrw9x742lwjgtf8lvwvkc36eanzkr,134000000
juno1tpmrwgmzsxmppjkxfqx3za9sqh7weffxwy9hru,131000000
juno1yqx7eqt4hyayd9pp5rpju6uzlv2xwqadvr8f0d,130819628
juno1gnfqundmu8pzxh52g6ula38pdmghn6mmew326p,130000000
juno1gq65gjqeyy4alxnnn6y2spc7hjj2mhcj2vqj7c,127000000
juno1cd9j0spak8lh5m76pqjfh7lprurgqlwfeayjkf,125550000
juno10a98ngl0c4kpr8nwjyed23krvx2cep72fshmfh,116548809
juno1vs0nt4xk0zhfcqnsw5u9s25evc5k7lnxhngpyw,116238560
juno1fnpqtvcydqyxsrdmx9vtxus5znwy4tf44v05a0,115587455
juno1cph20dhafv6yt0spvj9fhz4zcskrzssz00cynw,115000000
juno1sfu99u3rrwxdtx9qsvtk79lkkgtl9v6t4z3cgk,114668304
juno1hll9m9ljk5sz3lpjh0mfetc3j3zjzw5tuulyur,113000000
juno1e5jprrmun9t7tuuk9qf3s7nu3mg6yq72teptkz,113000000
juno15cxzysdx8aavudyr8phtreq2uw6k5j3ghkw5r0,112500000
juno1e78zc77jlwtzulvupvun55vhvm0ruzdgg900wn,110400000
juno1mvk8603ksv5spt9epgruemcqdh3qruze8ls8ew,108090189
juno1dcll7kh2k7gt60qty2vt8rw8rdm50zv8szqee4,107122254
juno178gl50u2q5sx4ljc4mlgh0wfy8uguz3szufz83,107000000
juno1l4e9wnvgcn65q9vklq2s9wufpq8et27gekgyfy,106250000
juno1hqfqq03th7ytsfrq87m8vc0r36venj3gqm6l74,106190000
juno1442humm2dyhj3r45dw734aswhlwmvr4q56vnny,105487000
juno13x3sdrcr2rllrelgpqv7kczmuj54tlhasrwfyf,105267646
juno1e2h92rpz4vwthzss79k0hta8mgtk65h4ul68zk,105266198
juno13ldgsamhyhy0pd7ctakw6nxt0es54hdk9xjprm,104314052
juno1py4exvd5wxh0z32emp5rlw6tc4ekr4kr4h0ca8,102868669
juno1yjd0ktlsrsx69my89vykcrl90kz7ks0wqqudep,101016507
juno1xxzc8awwllqq4waxtej8u8vlyr89lmuyx2xwtc,101000000
juno1uy3efc0t599rsemaars94ve0x6m80fgc0l7q3k,101000000
juno1fjw90e78mr8m65kpgmxx3q7ud6qjndxtz7auyq,100866853
juno1r2cc2ejqcva6g6d4u9mhu3aynkj09tr7tlpqw6,100344613
juno1xg2a0yj5t2d9twrsp8x7lw3edwytfn3xwyl3te,100107489
juno1putnfc55293nlchxl42adn026n9n29j23g7th6,100000000
juno1y9da46mj76n0ly4hvtglfnfwuezspksyrczvv7,100000000
juno1xwseskrmnxrvesmad0xtyfvl3lx7xzkkans63u,100000000
juno1wv42vrrs2xt8h2zqjty7p4dycqvwkej4s4jrxk,100000000
juno1w02ckej86acnn907v0zyvqvzlnc98wql5zg4jj,100000000
juno1w3tsuzw776pjeudcezq3yhzv69ymt8csc84jj7,100000000
juno1secx8cx8uu9fx6rznstjn5qcvjxd8udk3kjzph,100000000
juno13xl7vfyn0mwrwg27mvcta0cqy7dg3qyyaawepp,100000000
juno1jl82qy8645dpmrcxe64wfxtq8rygyxlrc59rwu,100000000
juno15pszr7ljemequ30aph03vhqvgmyce65s7gwpzk,100000000
juno14yqr2q5u4sehadtfxx4rh4rjxzfht6ecjjuypm,100000000
juno1hcux4h7unl074qf94u52llhd5m73ld9gqnq8m9,100000000
juno1h62s6sdxk0swf3gmm3g9lw98mx9cepa435gjk3,100000000
juno16f3enfd6d8678x3pqt93httuhlraf5zh389055,100000000
juno160wdvp32nwrj8nqvdyvgn84vq8mvd8dvkca99n,100000000
juno1umgn2ytauy5kaxnyd84730rra3nuhl0jgefxw6,100000000
juno1p6763cacd9xxznfy9ynn3wf6mdp6hgrk8qh0d6,99000000
juno1w4c6gt94nawmy9r8mvyhpsnjnuraxqfpjm6laz,98019214
juno19fl6v5mgc4gsmdqnzd5weq0arckj4fr066gjxm,97550000
juno195ea098ndztvdt286l02y0jcg6des7pyparw9t,90000000
juno1lmg3ea6syazpch4fzs4lu903uyzy8k9s7zje2f,90000000
juno1yr3ql5g49ffqz4pme5949wv8kw5zetnx65qszy,87585802
juno1hcj67a0jfmy3pk4nth37zc2jntw5my53jpxdl5,85000000
juno13k06vuqfyx6ulcsykyj7k05569lfqjgnl03yal,82680549
juno1y9x0q6fvp8uenpjas2g2jqzk0f22ptxr9zreqw,82575578
juno1dkk2awqq99ylydjhua6j2y9l5z8c5vg7l0eu0u,81950000
juno1397w2ze729hd7yts3229p7yu6jh5rd0u4642dw,81553559
juno1l0d020xr2e673yvu87ddm3h0jugka8w29007ev,80723313
juno1ju6eccjf44gkfle3zxdut83lhwnqs7xtlnfs7z,79066585
juno12uk22nzee0hgahzttujcdce78ax627as3umnv7,79000000
juno16sqq764n5l2vexzxszn8eqjx4qawhj0e3qsexd,76684441
juno1vm7wfrwdax0eqhulsvxaawztucxecyyf5pt9l7,76572133
juno1f7qvypfaee56km5rp8lvay4f0saq9xn49t6mja,75000000
juno148v3g2dpjeq6hwnlagmvq8pnqe5r9wjcrvel8u,75000000
juno195lptujc2mqzj5ajtfg2l0x94rcuw6550jyn2c,73843253
juno1mw7sevupmljed2ayhw09hq32mst3elxqmqq56r,72762567
juno1md9zaw7gpnrfl2swql6hjvgttjuf6cvk4c7fg6,72487433
juno1atgd30vm3ucyt06um2h7qd7phyfshdeu8vtn7r,72300000
juno1y407ldnzdp9t6slfww4zmqrkftzmnse6cs3st7,71946934
juno1nllnffudccy2f6wrfv4djaadsvqsr2law7k0pc,70798000
juno1m3mf2t06jz8u5vf9zx8rahwfdnes9x3nqchfsg,70683258
juno156v4ful9y44nr5q68mqc7mwl4kgkjmwgrulca4,70500000
juno1rvc9mhsyqdxsdywgmazlcm7jr3j8dpzesxjz5c,70400000
juno1gvnk03ngwrjkjtkr0xeextt0alxfqvychaa930,70000000
juno1fmahc5r3fk2fxne6q5z8rhdmfhsecar8yd5uke,70000000
juno1tn9wkfn2qg5kerems5m474zeme77xeuff7ug8f,70000000
juno1cd4k5m0lnx0auevtaflehg5trf9nck3cpyu259,70000000
juno1uz07k6e0txmv3agfczp4yqm7zsl32fkw4qahxz,70000000
juno1y5655fty5gajgcahjymhexjs9fkr9yfrqg2rz0,69237720
juno1dxw08jprflxxkqsy46rzs8xfra2jxx5308waly,67863027
juno1elt0eazh78wtfn2v93xs6dh732ayq096l3kl0j,67075575
juno1qrdn5e8slakknuedcmxftrua6lch0z6wspd0tp,66789171
juno12jgwkfmmtk7ajjr33m0dfl7ysyfm8m4qpy3e0k,66538355
juno10m0k4a3tudk6mglc9nez5w9yjvgkk9kuecl8jt,63505984
juno1ahyljzwv7lrsrq5842kxjrrnaeeen7exxtpyth,63148180
juno1lh8lw6zp2hjcmx0s9pkl38j36mqk6tfffw8mw8,63010919
juno18tdm9xsgn0ysxmk9tvf3vnpvvze23tz7fydk9u,62100000
juno1agprce4jnftapsg2k4vkyqq3ez6dpjdlkp0swr,61636154
juno1hqze8tfspjksg5eg6rynn9utgpmx6asy487xv0,61017868
juno1v84wk0rwljd6r3m7ly943mzadutrvdqgjtut67,60500000
juno1fg5y7vq8cukksxqlvpu28uy77pvete0cy6w5s3,60436252
juno1zfh6ccddln9e4fkwse7fcquvecpnnxyk334jwz,60000000
juno19rsj0scvc0jt3le0ha2k29pgc7228jl5jcdgvv,60000000
juno1z24shwrt0t20x8fx2q5yr0gy3w84hyf75ghpwj,59700000
juno1tcqyhrelf4tkh5dkpy8tsgnklpm2hjg29f2j7k,59178447
juno1y2huyln64jvchep0m3tufl8m3qa4aydm453am5,59159290
juno1xufmktj9k6zx9h3va3cnwfu5f2pfjfcs7xd2yc,58167111
juno1wh3nwe6gcgf3vld5vlfthjqk40wxkh00l9mqfc,58132062
juno1p7gyng5y74pvrfdnlg2h7yr7vmfs9r6g9utmv7,57790000
juno1st0vlan4k0fqxava7x9hpfjhsmz86m535ek5ts,57035000
juno1w5h4fh48p3x8tkaqt0vdt49vnk082s9v07rur4,56200000
juno1vsdgmxx2mlpzklhyzsvkk03z2jsckar66w8624,55453248
juno1439r33x7s6x9qng73hu7cyxs9l3rw6ex40a3rf,55452690
juno1gnh70uzvmgsn7fxx6afn0f2338cxrdx6jc3jaj,55380000
juno1tx5fu2d7vdyjn9jt7ppm9447n5xzj7m0qjedpp,55000000
juno1m4q0flsgzsjm36rpvq3lkz49aard5n9tzfvcnw,55000000
juno1suvlzxf5057p5tlu9636ysy02t6v38e24z9p6p,54331904
juno1p6yrkms7cgczk6qlrlcptqujufudh38ayy8ffv,53417000
juno17t08gk6tehycwc3cza0myqu2kyxrf6k85wmusy,52549374
juno1agu64utfh5arkq0aew9m7l054dafcvd7tlkqg0,52406369
juno1anazhmj5yad3mw8ee8ys89u6plkvqugek5vrev,51915807
juno1f7m5xyf908d935tyv5murpwkvy9hmj9hu2ams8,51763918
juno1yh562ndgnmtwur8rnr0urhqsrnjadycmpu4mep,51674631
juno1rfc6me4474jmgfc6054q4sl95ywpkf7vg74gcj,51600000
juno1049ul4yukgk6xhndrrexk7egq0rv3sytw7ynck,51491967
juno1tp8phu7exjyg4thfaannf4llltfp03rqrnm57c,51392470
juno1kvasqp4dqfamd7c2jmjd2enhqhv3vs0cg2altd,51318368
juno125c0txncpwqped0znmz4sskumlqtup5rwet6r7,51100000
juno1ut6j9898umd7j33c7zt8drk5k68hameslgl8md,51100000
juno1gnj7rh5h360ez824sp34zu3ak34557zvt2vta3,51000000
juno1u6plw5v2atha3grsfrw9cgn2q0rwudxah4ejmc,50999607
juno1rw3mmr36m487mc2g0w4lztvwltc8eqwk7rm4ht,50882451
juno1gq8uv8s94gls578x5hgzq4gq4gwhe6tdphd69v,50778726
juno185cd5utlg02pw2jvz7fdfqgn0ud8gu6hzk878r,50360000
juno10mj2shktq3jx9qq6j0uctgvt2kg3w75m5h42k8,50260000
juno1duad60aqqyhzfnha5srhpsw3eegg6phmy45vmd,50250000
juno1ud7g3tqadeu9ejdw3qstjlx3mnjvjy57ql7gfv,50103789
juno180ggrdc85j8m68tgnchqr7jvfryh432dccfpdr,50100000
juno1hzrpnuvu6pk4n8ptuynm9qy9rhdzjljej8v8nw,50010000
juno1hdrp5d7pgj7u63pum4u5k0cck7fhlrsewnkwpq,50010000
juno13szf95cq89aurrmxgq6npuemzlstrqswar0j62,50000999
juno1qtfxjjf5lrsjnf0y8n0rwg200thp245ygwquzm,50000000
juno1pud5uyf9pqqgane5x9xa4k39vtlxk2gegcw5uf,50000000
juno1zrxzlzn0k4ppyqjuy8kylkykj42tclrvdtxwqt,50000000
juno1xz5jxurjtmxwws0054p7zg0np05kgskcjpe4n9,50000000
juno1g97we496ef0mt39jse82r67lmy2l7hw6cq7w8q,50000000
juno12wdcv2lm6uhyh5f6ytjvh2nlkukrmkdkzymxdv,50000000
juno1vss9v2rq0ggnnyn4ypu3dpu8djuuhveu0yzxwt,50000000
juno10tkkn92xvv5fwhkt4kkd7al7hs04aw77p0nf9m,50000000
juno1jp7yrfqm5apvt3pdqgd0vnck66ndnmyy88v9yl,50000000
juno1nfl4mkc0xglpxmsnzu35cd6x3ptnkkc7r7kgs6,50000000
juno1nhnczd4jkq67jd7d5zj9khc2valfpfcmnfcv8m,50000000
juno15j46nt4mfsl3m0dugf8e5zxvjp8hgla4936aws,50000000
juno1cdzspjq58ggdfxp3cjm9ggmdynkxrsvzs3t0w4,50000000
juno1a992k43zy470dlpnmcu3wzxd9gq3yp4aly32cf,50000000
juno1yy7mamcpe9rr9886gh8xwrvnzv7y0hdxyzd9xx,49297057
juno1pfeg4rker3eaf5dakdvsqse9wqlqk0wzyefq2d,44971987
juno1flp5m2dlffsrxvz5n342e57alkjcln0cq7fpp8,44610000
juno1qdzgugsx5zueucmj54ugr7rtllkksh37qvcc5q,44427325
juno1qu8vjmrylh6dmsvwr6pav6c0yhagaq7ydv6300,44170836
juno1xqc20kjde8jwzadgzzpykznslkaragqtlupdxx,43819526
juno19yssr677uxtauv8hpfg4t4ystqx4dj9xjwc89j,43247710
juno1rxmd4e26twqma77f7ccwxd0fgcgldjnz2wesw7,43200000
juno1hezey746cjnkrafjujdtfs52cv4qw6jdsavyg5,43036070
juno1e4hfpzd5wu5gwfr3n9qdxkwjakvh9fhtgz9726,41000000
juno1mm9thrwq8l3x3ud7jacwrpqkvgae033d8sgslt,41000000
juno1jxemh2fvaty2r8zgkjds5uc2m3cqmvksqjkc7k,40800000
juno16r0swsflhus9e784u4glf0rwwfgvu2vcru9d77,40500000
juno1m879cpf8pxaqexj8jprlhv7dhs7hs6sk5uv5qh,40500000
juno12n44yj8q89zxne05rajxqceufjhw3wre5gs5s3,40350000
juno103hn5wdhau9ly968z7n3a9360v7gw9v9d0vmsp,40241364
juno1vk6z2aa4hwf5kkd07248q8sm5xqzdduekrupq4,39996000
juno17dsway8g6zk9uqvtnxqv9y234wmd503yj4v69y,38271275
juno10rtrst36pjlykugxg54ysqacrqt5998zlqvu2d,37719000
juno1na3vskfenmncv47ypahj78m96lpqqlh7kvp4gu,35500000
juno1p2yguyfencsn3zwtxhqdukf9m0pcqfy3x70x3d,35000000
juno18e9g3kfkzc9n9aet5c9eqwvt6ay5raarej4jtw,35000000
juno1mt50670ew8y4f8qntww2a6jpkzpdz7jzqzkncs,34300000
juno1uatpjx2myzy6fg786tp3k5q5f8lfqwdujsavcu,34285482
juno1d3z75044sme90rmh9w9z44cmpdx6z8hwrlaq20,33547169
juno1x4nsrhgak74fne0gv66alfje64cqgfs8pe37nt,33500000
juno1fjk5uewfv32v6pt5790azg9xhmpdqufs0yvvqv,33070000
juno1rw64fxdclagmky8yj8deuzz3usnj58q4xj0tz7,32520000
juno1c5tn39sxuqdatawsdmvl5y83gtuqw6rdmutuqx,32148511
juno1xpe0fr4elxw00a0evs3l7kgqrzlv52ahp4cf9g,32000000
juno1mc3jt7ycqk7eqwt2gxxmexh7p0wvmuj2pstulg,31914240
juno1r9k74ntguz4lyvz7wzmhuay0acx2z0pqrnwnpz,31241623
juno1yqth74nsx8pgmhccssqrwe7luvjmz8wqazjac7,31000000
juno1h84luhtjp7yr7d0x7f7rtjh5003tdcde3mk3p7,30739374
juno1etjhkakk2zxy3ux48r6ketrnxg2rpyagfe9j9h,30290000
juno1wzutdvuskna3zd32aj8yayjplz7alj6cl7wajq,30127649
juno1m8sujdcpc38mtcn2ujczus7v0d0v7830vj5wce,30006351
juno1q5wgu8awq5wxld66vghs870whz5sksf8ck0uhy,30000000
juno1rpg6cxwa8pwgr6kuxe2fq9plt0z4l8hwylf30k,30000000
juno1rlnql46kx7xzc8wltq2u7a7avcfpmneekpm0yl,30000000
juno18mhdfnlcgvravj2n3zs8vtdp594gknz3dt8k7u,30000000
juno1dhwc73cg89f05wn8e49yc4nnr39ymn0768w495,30000000
juno1dh63u70ns0vh3pdtvvjrusveexzpnsag9rupku,30000000
juno1dmd4fm0eyx9sgjwzcjlepndwnrlcr2rje0yq40,30000000
juno1nk4vtgu6635x9mj93aaumynsxfzecpkfdgrr8d,30000000
juno1hjyyu5s3djfvkl6lx05jjrtlc650s6ysptgf2e,30000000
juno16zkh05rly9z2vm32h8pavttauj9heh3qlj6gj2,30000000
juno1r4thrg4c9crc2e2lppx07dhu04x26xden37c0p,29150678
juno16jmkzuk375qyfw8hrajvcm0luqthfzs4fhtsqv,28990000
juno14fdskzl05eqvt69stc4x4fdgch93hf6mmf96w5,28843148
juno1u79rpc7t2r2lc6npgfaqgqz2xfds0r6kz0kln0,28843058
juno1ujpy00yucpjgs5cxwfr336uerxsq3hlstawlvz,28790398
juno1xhkqnlfdyvqlazufd0cnyf87plcfpn6chh3dfe,28790190
juno1egtnurppfnh7exvzpwu3nrfyw57lmf4d5stmed,28777171
juno1ukzzjvp226dx8fna6y4r5xx8aexk30vh6eaf9m,28737215
juno1w0heqnzhrwzlhd7jy5u3zd2v4qtxpmp50rvan7,28116933
juno1qw264x7dvqcfuxj7zcsj2j9gglpg4wj8pdz43f,28000000
juno1u3yq3sgmnq36p4c8jj73fmjxgeej69g7d6ee9k,27967961
juno1l67m0gefkrvq0x78kf7fpqld3j4yp5un82qdj6,27620000
juno1jydjmhaueyqkttlel6jp8qt722dt4dmghl3zq8,27442568
juno1q8sway497e2yzdy5ppggkq0vanhw6macs9wcyw,27000000
juno130hdwkrrrserftkfarjg279vmha82ygs00fsl4,26666970
juno1j5z473jelsax74ht74vxfng2jhc0hvrkgz6lh7,26247150
juno16axd0zzvxehnn4cfhdw0n3uqjfuegd30udp4en,26000000
juno1ztl2nu2hv6ulpgteqh9mfr00uv3qjfmjrp5es8,25950000
juno1lthjzy5v3els6t6hdzv8ug5hjq5ldegzhttsw0,25869890
juno1gyuencw7ukwz6a6k6302egs32ue6mcwvtw47tl,25530000
juno1rq3eqd9pmxsc44nukrw9a2jv6zfzhv5rcz7y9c,25000000
juno1242l37paupq0fxcqd8cvnth5x6s6gcczsju9ck,25000000
juno1hw5xnhaxnt7y6e9xx5phl56a8qe5nyy0s2945w,25000000
juno1emxl0sdmyf948ctvs3asg0gnt6y0tyfjm7w9gh,25000000
juno1qh2w3s7yjj2a0daw6me2qkd3vu9cy2j2t2zr6u,24000000
juno1j9juf4pjak5d9dy6d8gthwdszedt9u4f3k9cmx,24000000
juno18zhhdrjd5qfvewnu5lkkgv6w7rtcmzh3ffwtg7,22000000
juno1c2e24vuaye8r366yj50xqzlr2qt88r4ckh2rcn,22000000
juno1tj3jhe269ltdu3mnmuyd37r3yakct9s52vwrdz,21877746
juno1hmzk8ngj5zx4gxt80n8z72r50zxvlpk8kpqk6n,21221966
juno1m8du4mehzfl0y8ps72a6fzazjgg70af0frl4le,21000000
juno1a5vqcg0wf7hz2kp9mhqskuc82wff6u3pgr8ypv,21000000
juno15am7gfqewp9f233dssfhgm587uuph4vw008esq,20527654
juno1mxwqf32le9nnwwwfsf6d6e8um9elnmsex5tpt9,20418042
juno1l236pmnwe5q9fmxfdlah5f9j3y3lxy926zc6kc,20367602
juno1s79z3d8c7n3kymnswf6vqv245lmxxetj9gr5x6,20340000
juno1cfyvxaxtv5chpujv6jtlg90rwrvvsfnwjnrh7f,20130107
juno1q2274n2ls7c39ndffvajuj38grwfd9jqcyxk70,20110000
juno1tctte4y5hk7sr6casktkdga3v8unefakd6whnj,20103213
juno1w9fe863z9kaqmessfujrpusn794np65e2su7zn,20000000
juno1jgmrh47jpsccw6wt5hfq7ggwagd2gslrlw395l,20000000
juno1ethne8yjk9arjys7038cglyarpdy52s4fu2y0w,20000000
juno1e4szdg39ya0c7xzpqerkcushu9uyhler7k8ss3,20000000
juno1mlswkq9l7ztdjt0fkkah7yd7ud4575vaw7t6zl,20000000
juno1awlntjfrmlq07kwr5ukwfvez46gagts998c0n7,20000000
juno1g5pprg0zsts7jcx9h49plk2fajthuglkrp6t8z,19845200
juno1yn2rkp8k3txj3wh5ks234zql5ral8fk46np6wh,19250000
juno1dgc4z5pmfd92uz6nsst2mhekl7apxegdulapxq,19000000
juno1dahkflv39vkcy6ende0aeu0nrqjv2ue0fcwwzq,19000000
juno1506zzpqa9m6ej05t029gscdwz2ywmt0gn4syp4,19000000
juno16mdyr3zq7kt74l33h252vxd8j9ryynfag5ze3n,19000000
juno1f3latzuk0qhmpkmp37v4uhurmpu7wnv8s5mv0r,18642700
juno1dkq8d9m3put6ace0mn5k7km3ch837e3ejkyzhu,18190000
juno1ukkge5gpxpwj8h2ej2rkysgfxflgtml4y237vy,18020000
juno1remxeunduu0rs2e6f74jshl4u98q0scetcjyjm,18000000
juno149dd9ynts3tda9fdu08y8u6q3wx88apgqsqqxg,17700000
juno1dmsz8mj00v0tjc4q0hy7ms7hge3jmfuja3vj86,17065083
juno1js4f9mnjastquhcnpq32yzrlj2da3ygc45a0pp,17000000
juno1k4zpaqh8cmpw2l7vk5xj0zuxdv52fkfq98mupe,17000000
juno1ew3ussp5skkxkew8jrw6emr706f6y2j3jyfc46,17000000
juno162s6qa5ztcjldtj8yng94ar2t6nsv22un4ne4h,16818137
juno1mpulczzd2hn9x0tc65x6gdpr7rml8rlch3x977,16117659
juno1z527dv2yfqrfkxvxk043teuw7cs8tllk6guyx6,15949022
juno17lqp2epugwf0zyx9dcmncgjxt0qxtj0yvjus87,15500000
juno1tyud3zvavzauk4rwn59nxu993amcx867wxmvxf,14958806
juno1cdgdu7spp6kuzhmu7ggyf7hmkk3ckv4chww22n,14500000
juno10vf3k49jqcs0ylpfywyrs0wzfdwthvu0g3kff4,14400221
juno1f4hmea7xdje20zcqtsrll2kzkgrwcmyu4w76pr,14100000
juno13alnyagpmqjdrza38x8av6yl4uxn6yuxcv3a8x,14100000
juno1v088cjm2qyjvlyyef9krflw06cxdck2qstkszv,14080000
juno133myruap38eyhjvz0vggq53ka7g9lqtvtuzrfq,14000000
juno1l0f2ckdsx07jnxcy3ucq5x3fw6ttnrgjaqsa3u,14000000
juno1xecaqps7memq5l5z546slk93zhxnx5dq9ma7nq,13500000
juno1ywv2tl5hvzlvd0snv3ykhkv4p899pdtvexydrl,13140000
juno1f6wtm6399g0pzpf5mkva4t0rxfh0a7dnkgcqll,13000000
juno13p5dt20sggkxpj9w0lgenk87tuj8ykz0gvx5uu,12979391
juno1jzt962czzt3ruwsapec9fzmrm7kcj442wuzhk4,12350000
juno1f6lfrehfsrtj2zz4tyg2n85z49wydle24j7jc7,12200372
juno135hy4g4lqjn4vxeyecy2mqfmu67j9g4ssw5a7j,12000000
juno16mf0f2tzxs67rdyd4uc34sqjzs9gk4wacypqxu,12000000
juno1wayerep8qz9xkw00m0fqswy2rxhjv8d97d8yuv,11912521
juno1kas3netcaz35vft0h40tfpm9scen2ezrj5d24z,11800000
juno16m7z9eavy5wt78q8w3v46eaasd2zp5emvffuml,11515224
juno1fx8w4ptv2sklkda6ud6gl8qz2ye6hn4t342rdu,11457918
juno1x8ltc5dr5h7pj9y44v9k9lyg8mcmeejhyuhwcp,11341915
juno1kl80ymd3tjsvtcg9ncmxfdz2wu5ynlpvgx238x,11170317
juno1gct8lxs2560nhtg3kapj25wzky59jeljpmw7az,11017239
juno1qm9su76qg3nck0sfpvvckzwftf9t3l2qnahsal,11007490
juno1zn0fk5z4pcsh8cxf3lts2pw3498507z86jhnn5,11000000
juno1xzu49233fstwwqswlsgjrrykq9dry29nx5770h,11000000
juno18z6lyevyg36gmtwy5647pg724rjhf5amz4j96l,11000000
juno1f066rrrrzkkhwgwfvy9scrl4z7jscgrt4dq4l5,11000000
juno16da5slyvpszgvy7p2q27npa2a6amw2fh0j87cx,11000000
juno12gmpp2fp2axr7r92w2na6ucq04svvka6z833fv,10650000
juno1kg6vm65z8kwl3zwhra4kf2dzv23ytlp9ddv5yf,10624214
juno1e0v83jk03v04n2we9ha4hq4dwt7sq6gk7huv7u,10500000
juno1rsgg8v4elqsckvpkrvrdrj590xupvqyv5v6l57,10470000
juno1376pdfueshf7jtm5shvca2dxj3anc6crfrhjzr,10274092
juno1sden50zchglkjcej52s2lnpyst7nkqxt5gyt5u,10237986
juno1fhl3mweztg6frpc06v0vjtf53ewfdtst79rwem,10052629
juno1tvyem2ed7e7r8c93q5rse3ut5nwwssvvuqscm8,10050000
juno1d52w5wle9670pe52vnavlva0ntvx2y7elkg8nj,10000207
juno1qxr8j8vlzzghcszg2upzrkgc0lrwlauqpqu47w,10000000
juno19yexwmqkh9mjjstrr2ljsn09znmjfnt6kzqt7w,10000000
juno1tsw045lkra8hm43yuapzrv2javzkz4dtf4xzth,10000000
juno13wpmvu2ur2cpsfepk2z4gcuc39jmp3c3rxmusy,10000000
juno13stk27spscnwlfckcfd7fuluux6zq3zzu7l5qv,10000000
juno1cxwqw0853du2cljtq7amx8ssp4n8rq4mvsed99,10000000
juno1cjwxk678ju4e92c9ggjshdfsyxpjjw6gtg8d22,10000000
juno16qp4ttkkcgn6fw5dvwt7k8aqh3vq0tawy8rrkk,10000000
juno16gagrsy4sj7v63s9dfncka2phkh8pkza3man43,10000000
juno1c80lspgak2pxefe2w3mvw76rjcln9pzassl03w,9860000
juno14kppj6tdqgt66l226586nszfun6jstackv7ugk,9653621
juno1kxp98gwzcfj8zwcm9mfawulc2ac3x825g97cff,9600000
juno1hqfslmsvg4zj2lwa238qlyqjvyntuechark564,8920797
juno19pjpxp4hphkq7tx00gj6922hsq0f2f7wn5agc4,8780000
juno1hqu6w5n53r9jztzv040g8gwp2z0vrynxgfmf0q,8593312
juno125hwc6q8zt7pfyqeew4fgwrq6l9u9l6x45r9xa,8581138
juno15cnk60n6vwl7vlxmtgevl6qrn9fgzy9rj40w3z,8128463
juno1x8pvpacwh97k3zeqp3njedklgje2zpslp0efph,8070000
juno14kc7pmt50a3ju3g3kk6t5v3arrznrjfh9ug9n7,7900000
juno1l9e2x27wurvpgkkrafg7d336am429z055y9kag,7061894
juno1c9c8xasjfgtmgj09xjhcmw0wt2srfn0u4h0rwq,7000000
juno1a0cr83c458xtma20u7jmveqmp7dqlf7crnuy46,7000000
juno1sghqztvgjv3ug6ltpvvwwyhpt35u7hu8x9skc9,6925249
juno17np002mksx857tsvm85wl8kw0a6469emckyxc7,6900000
juno1wr68r2pjynza9jpgxfl2mthr8u6pghkf93fw4p,6499350
juno12z26k4kyaduwfz2cktjwl8zdgshyuyx96mnphh,6054939
juno189psxs56n9xjlxrfn2cjv70dx0x64rgvmz9734,6022696
juno1nrm9dgzkza2t6yk6rjlene6jvaxatl2gl7l7hq,6000000
juno1pua2ne85l4hqjs5haqtu4sez2jgr67ej0e0w82,5800000
juno14xzmvz26n2qcckm8zjxnjv59dps2j5l07mapt5,5299999
juno1zu9acv9yjl89ugzuqu9459fm9zth8v8fusjrg8,5126527
juno1rxxmw75s55lwmqr9z2daat5306mr3fa82rfv2k,5000000
juno1y6603qh08ttze6vaqr3ucmclq4xxj88xypjlhf,5000000
juno1fzw7lp3u708rg49zqv48pdm8e03uz4srw2dx39,5000000
juno1fnu8j0flhzkvww9ydk77u7fqaa4fltsajda0qy,5000000
juno1t7d0sg3zs37c3tg2t9nenpp9d0sv4z8gmmnhsy,5000000
juno1shpqvk8en4nkg57ccd3x2wesfmazth63cuus8h,5000000
juno1jkys2kgnmlkcvwlxhs6gtg942w44x7aufvscmj,5000000
juno1cfd7nen55kwf0ch7c3zacgan7ym3gxcqhtg0hv,5000000
juno1eeqtgnzujm72n6l7yh9k2glsgznphgc832f527,5000000
juno1ae3un4p3q8kkqxqar4f3g6tv3djna9k0hfe0yg,5000000
juno17nun6cg7a5xtu9fz2p8scxr7u9jmrf5v6xq9ss,5000000
juno1rkvj9xn5s6pvcwqugq8pc3ptzeee62lcvxrnme,4238773
juno18ms45k89nlnm0s9wwa9u5gmp3n6hre9pjrv2k4,4000000
juno1af0f6y9vx0n3vnhuf20mjwrmeypam52wr5u2cp,3850000
juno1wqga4v4nc77zah2n6nc9y0cdsu9hqcv4fuexkc,3835983
juno14gh32dxhd4cg5nee3f2uj2xl3hdnwuj8r5wf3p,3540170
juno142lh5ldd4fzjtsc5hftuk3exnk7zdhvlh7uc0r,3400000
juno1fwq03yydqp7rec4ww3w3a7797fzahtqv5q8apt,3350000
juno1f0kcpeuys5mhdcpq87xmgh4vny8vwkl0t6tk2m,3349676
juno1up7p4uhgzfzrk6fnqjes0wty9rv7q0yxzuw4zm,3200000
juno1ke5shj4wuap2pjsgq3erqkdd2zac20fncxzurz,3144605
juno1v7w4fs3eq63vfn5xqqh04pzuesj44u9exhqujg,3078318
juno12ctdy4q2nafyg8gdmhjwqvcr3fw53l8mu70al9,3050000
juno1w4pe2acjnd67u28m9qhu96zgd88cpf7p9m7838,3019611
juno1qk0pta4ga5t8p5vv7me8dz32lvcrv2rpg52k5u,3000000
juno14q2tvra3lkh69xqs6husxcr3jhssek2ssh66mp,3000000
juno1c2treqmnapx4uhw72z2f02m23l72ymjs2pq6vm,3000000
juno1vnfvs3qjrsavaqw6czcysh5v64sqjf48awracs,2587191
juno17zxanug62hljed9y63fya5jeq7dhj9ynv7d56v,2500000
juno1hd2gy53k6vfvhpf0wz3djxhsdnyw22d9mle6hk,2438000
juno1m7x249ahuu6na0dskdwet2uq0vyjwppjr0v9mx,2400000
juno13qg8wcye68jy2pzxlft33kp6q5u846c2fx4f3x,2014589
juno1f2jpv5sc6ur6yurq5w0t2chphrznpy8lk3y2hf,2000000
juno1skmtg7r3r49x73p09jpd34u46dadc3eamachdv,2000000
juno1c59yuky60qj23e76kavaxywdlt57nkuw92pg04,2000000
juno16hdju8dkd4rgjw4gp6tcmex77k9wwyu4awaq5e,2000000
juno1tdsmq85ww30wexwrgm9rx9gm0gd02sg7l0t09v,1870000
juno13ketvyvzqxh6rq08qez3dvekd02uxll66lnlyg,1820000
juno1nlt9tft6dmfzq95efwe7svm2mfkg8u2jf6n0dz,1793806
juno1qqq22fsralalyq92xl29xv9xxqvtyc2fu3e3p9,1500000
juno1tzldzu9863l3t7vyap4nxpw74cw4lu9t6nysg7,1470000
juno1v6akkxmkclq9rcjdwym4qps9jc6patjk6ec3y3,1470000
juno14gcw9g85swmahdeykscnlngysq77gdjuvn99t9,1470000
juno1nqfqmly9tywcmhy3cef3gnyll3pgarh7xkwmnl,1430000
juno1uv8zzwmva57w56s38rzxcx9xk37k4yy908lk5y,1410000
juno14wznclrk3hdgp4rs7pc6yddenpu77allwag38s,1402633
juno12tu4fjuzev4ahdelhml5qk4ghjanv444xsaq2v,1400000
juno1n6sgduk3fgkwphghw90whxxtxa2c7ea27vkuns,1380000
juno1kykrr9f2uw3jxcvs59u8g0guglywlre7xan8uf,1231000
juno1vj567ywd2e7ndn4afmpnskujuennp8k9pd9zne,1200000
juno1nyc6eykp7xwuptuy9w09zvt3lrzynez64uf3l2,1200000
juno1ya9hmuyd3zv263e3dvzrze5vg4v85dz2z0kwpl,1198389
juno14pnd9hkf69mtnan34e7rz4sucx8jn2entgmrzh,1100000
juno1ewx6nz57z7cmrnne2uk5ualy75wrjfr0tmw62n,1100000
juno1a3q6pye03gkfdv2fs5k4qx5nm2lw4anwycgkeq,1100000
juno128c9zkcmj9886n722qrtdugmgqhsgpny0axen9,1030000
juno1pksmw7waa3ncfxc69yc5x566z7prhcheyd6vxz,1010000
juno1y8g0s50ducrm4ffkucssw29uwpnvvd099st8p5,1010000
juno1mvq7r6zz3wwrrq06s7lfpavwrlmyguvun0y3zm,1010000
juno17njzunm3gg522jyhfmayacwm0kqndtuyv5ue06,1010000
juno1ryjs62ukpdd3kejhx0zvug7my34pf4l7lq3g5u,1001000
juno1zf76gztzhm8decuevrs89g5eczjtsnawy95y87,1000000
juno1zamu56vu53qrrkwu6043a8yg85dj36ae8tuq6w,1000000
juno1xnr7avm20wen3wzjd54rm8rgcx6pkmpm3wxxzn,1000000
juno1g2x34n25uyxepyk40gsyz0x4ujhqutuc4rjmry,1000000
juno1fwxlhtqv6nn8lryjv04r43tt2zfddaxajcuxeg,1000000
juno12whxdme23rvfucspc67gfp7y6hlhdr6hwmrtta,1000000
juno1dzrn4p2mdu65mgqu5j5vzdmhy37eh36wkgx6jt,1000000
juno1dnwnhal022ak9r3uml3xzjwrzpx0yvhuxhvvuy,1000000
juno10yvwsxsxj336rzpg4k9284eqc5al0n0lfmwvt0,1000000
juno1sc9h4dlftwqv82utj52xfgrv0xevuwngtlg9v7,1000000
juno1su3rkjjkkw5cskw4dmufp2wegk2e203nqfk5r4,1000000
juno1jutcjd4c9nl3036suwl4kguu4w9zntqt2lsxv2,1000000
juno1na2e5l0j426nwzh65wgtnqgpfrl6ukm4h09afc,1000000
juno157zwevlcv8086893rzmcpm0t0quqqjkq6rgmlz,1000000
juno1hj8zka2u4l8reervc7e5n5xd2m33250z8aeyk6,1000000
juno1eq3u64vc45pusk5567j6s9nl7aaadv7kem97p0,1000000
juno16hkdkuajjqrsr9ka9s90dn9wpckgw2wee7qkaz,1000000
juno1dkv08zcepkwvzfhmf2aq0jy2dtqtu0hhm56g8s,480000
juno1salv3vd0hzm9nh9rhdf2xs6fqvzfrwqzn7wrpa,450000
juno1nuj2pdx3kmsdux2x8sevh2fw3h4l95qhmgpwjs,420000
juno1hq7pxpplhqsch2qsd5fz2wfgydcljtsatyy0sv,400000
juno16s27yqq3v8ez7y77ulvl0szvex3jxdhe4k6ehl,383708
juno1lva7lh77qmejwn3cz8wepp9cp0uxzwx25dlupk,319702
juno1xap4a05hwypeq34rmzsve03jzls8sdm7cgucaf,310000
juno1trke0jkyzaxjsep2qyya0d4k0jeeem8yjxr4lm,302076
juno16axcqt38ya9uw9lflhqdneu6ckx23sxhf4hgyf,250000
juno1er5nfmwemmp857cdp5peudn98ke8xe9v8emv4e,200000
juno17jt3tnxk5nd2y8p4dtgjrvnxmgjdrjzrfhfj4v,157792
juno1u043j3tvkq4u8w97096mve0hhsscr7yuv5ucq9,150000
juno1mrnzl2cf0tp4pp2jg5yr5vetf2gv9645utedy8,106334
juno1qly96sy3yklkwv6cf4he5ves4qu8yn58v6sm42,100000
juno1azwuqkzz9epms85sygrkph5ef8mzmfk5ql2hcw,100000
juno15rcfp6vlkllljxspc950ehvcyueruks5sgj86p,50000
juno1dzfe06sqvyeahpeskrg4kylt7sl0df9w9860yt,10000
juno1eukty8syz79sa0x0zgag44ap5j282k9q9qdzxh,10000
juno1c7rpwjnd6n5hc2qr89p77d6k3dqpevjp3fa5mv,6000
juno1qpjy3x2peyvrjk5rkh2x2k3p07gkr3g2hef8qp,3000
juno1z84gl5rxkv03xf3w7p6hcs067m9k8hhyxn3erq,3000
juno1hkzcpxensyvfa55nfpy4et8eevy730fs3ysuyd,3000
juno1fkhjq9hsaq8hm4mr2swmvcrwtqscjca4twkhsv,2800
juno1ws4l73zc4lxqcc5mrer2hj95mvtzrh73e52rll,2300
juno19p9a240yrkcwlh65mqt4p2vlguvk7r9u3xm5wg,2000
